{"/mnt/c/Users/Josephine/REPOS/mutts/express-boilerplate/app.js": {"path":"/mnt/c/Users/Josephine/REPOS/mutts/express-boilerplate/app.js","statementMap":{"0":{"start":{"line":1,"column":16},"end":{"line":1,"column":34}},"1":{"start":{"line":2,"column":15},"end":{"line":2,"column":32}},"2":{"start":{"line":3,"column":13},"end":{"line":3,"column":28}},"3":{"start":{"line":4,"column":12},"end":{"line":4,"column":21}},"4":{"start":{"line":6,"column":0},"end":{"line":6,"column":49}},"5":{"start":{"line":7,"column":0},"end":{"line":7,"column":24}},"6":{"start":{"line":9,"column":0},"end":{"line":9,"column":16}},"7":{"start":{"line":11,"column":0},"end":{"line":11,"column":28}},"8":{"start":{"line":13,"column":0},"end":{"line":13,"column":29}},"9":{"start":{"line":15,"column":0},"end":{"line":15,"column":34}},"10":{"start":{"line":17,"column":0},"end":{"line":17,"column":58}},"11":{"start":{"line":19,"column":0},"end":{"line":19,"column":21}}},"fnMap":{},"branchMap":{},"s":{"0":1,"1":1,"2":1,"3":1,"4":1,"5":1,"6":1,"7":1,"8":1,"9":1,"10":1,"11":1},"f":{},"b":{},"_coverageSchema":"332fd63041d2c1bcb487cc26dd0d5f7d97098a6c","hash":"f79430216673b01554242d90fb32cc82bf284a0a"}
,"/mnt/c/Users/Josephine/REPOS/mutts/express-boilerplate/controllers/booking_controller.js": {"path":"/mnt/c/Users/Josephine/REPOS/mutts/express-boilerplate/controllers/booking_controller.js","statementMap":{"0":{"start":{"line":1,"column":21},"end":{"line":1,"column":66}},"1":{"start":{"line":2,"column":22},"end":{"line":2,"column":68}},"2":{"start":{"line":3,"column":19},"end":{"line":3,"column":40}},"3":{"start":{"line":4,"column":26},"end":{"line":4,"column":66}},"4":{"start":{"line":5,"column":20},"end":{"line":9,"column":3}},"5":{"start":{"line":13,"column":21},"end":{"line":13,"column":67}},"6":{"start":{"line":15,"column":16},"end":{"line":22,"column":10}},"7":{"start":{"line":16,"column":8},"end":{"line":20,"column":7}},"8":{"start":{"line":17,"column":8},"end":{"line":17,"column":33}},"9":{"start":{"line":19,"column":13},"end":{"line":19,"column":36}},"10":{"start":{"line":21,"column":6},"end":{"line":21,"column":17}},"11":{"start":{"line":24,"column":4},"end":{"line":24,"column":27}},"12":{"start":{"line":28,"column":19},"end":{"line":28,"column":29}},"13":{"start":{"line":29,"column":18},"end":{"line":29,"column":29}},"14":{"start":{"line":30,"column":4},"end":{"line":37,"column":6}},"15":{"start":{"line":39,"column":4},"end":{"line":39,"column":53}},"16":{"start":{"line":43,"column":21},"end":{"line":43,"column":46}},"17":{"start":{"line":44,"column":4},"end":{"line":44,"column":30}},"18":{"start":{"line":58,"column":8},"end":{"line":58,"column":16}},"19":{"start":{"line":60,"column":20},"end":{"line":71,"column":45}},"20":{"start":{"line":71,"column":19},"end":{"line":71,"column":44}},"21":{"start":{"line":74,"column":4},"end":{"line":85,"column":7}},"22":{"start":{"line":87,"column":4},"end":{"line":98,"column":7}},"23":{"start":{"line":103,"column":21},"end":{"line":103,"column":66}},"24":{"start":{"line":104,"column":4},"end":{"line":119,"column":5}},"25":{"start":{"line":105,"column":25},"end":{"line":114,"column":49}},"26":{"start":{"line":114,"column":23},"end":{"line":114,"column":48}},"27":{"start":{"line":115,"column":8},"end":{"line":115,"column":50}},"28":{"start":{"line":117,"column":8},"end":{"line":117,"column":40}},"29":{"start":{"line":118,"column":8},"end":{"line":118,"column":30}},"30":{"start":{"line":121,"column":8},"end":{"line":121,"column":48}},"31":{"start":{"line":123,"column":8},"end":{"line":123,"column":48}},"32":{"start":{"line":127,"column":19},"end":{"line":127,"column":29}},"33":{"start":{"line":128,"column":20},"end":{"line":128,"column":51}},"34":{"start":{"line":129,"column":4},"end":{"line":129,"column":29}},"35":{"start":{"line":133,"column":17},"end":{"line":133,"column":27}},"36":{"start":{"line":134,"column":4},"end":{"line":134,"column":45}},"37":{"start":{"line":135,"column":4},"end":{"line":135,"column":47}},"38":{"start":{"line":139,"column":19},"end":{"line":139,"column":29}},"39":{"start":{"line":140,"column":20},"end":{"line":140,"column":51}},"40":{"start":{"line":141,"column":4},"end":{"line":141,"column":29}},"41":{"start":{"line":145,"column":4},"end":{"line":145,"column":49}},"42":{"start":{"line":146,"column":4},"end":{"line":146,"column":56}},"43":{"start":{"line":148,"column":19},"end":{"line":148,"column":29}},"44":{"start":{"line":157,"column":8},"end":{"line":157,"column":16}},"45":{"start":{"line":159,"column":18},"end":{"line":159,"column":29}},"46":{"start":{"line":160,"column":4},"end":{"line":173,"column":6}},"47":{"start":{"line":175,"column":4},"end":{"line":175,"column":53}},"48":{"start":{"line":179,"column":0},"end":{"line":188,"column":1}}},"fnMap":{"0":{"name":"getConfirmed","decl":{"start":{"line":12,"column":15},"end":{"line":12,"column":27}},"loc":{"start":{"line":12,"column":38},"end":{"line":25,"column":1}},"line":12},"1":{"name":"(anonymous_1)","decl":{"start":{"line":15,"column":32},"end":{"line":15,"column":33}},"loc":{"start":{"line":15,"column":46},"end":{"line":22,"column":5}},"line":15},"2":{"name":"confirm","decl":{"start":{"line":27,"column":15},"end":{"line":27,"column":22}},"loc":{"start":{"line":27,"column":33},"end":{"line":40,"column":1}},"line":27},"3":{"name":"index","decl":{"start":{"line":42,"column":15},"end":{"line":42,"column":20}},"loc":{"start":{"line":42,"column":31},"end":{"line":45,"column":1}},"line":42},"4":{"name":"create","decl":{"start":{"line":48,"column":15},"end":{"line":48,"column":21}},"loc":{"start":{"line":48,"column":32},"end":{"line":124,"column":1}},"line":48},"5":{"name":"(anonymous_5)","decl":{"start":{"line":71,"column":12},"end":{"line":71,"column":13}},"loc":{"start":{"line":71,"column":19},"end":{"line":71,"column":44}},"line":71},"6":{"name":"(anonymous_6)","decl":{"start":{"line":114,"column":16},"end":{"line":114,"column":17}},"loc":{"start":{"line":114,"column":23},"end":{"line":114,"column":48}},"line":114},"7":{"name":"show","decl":{"start":{"line":126,"column":15},"end":{"line":126,"column":19}},"loc":{"start":{"line":126,"column":30},"end":{"line":130,"column":1}},"line":126},"8":{"name":"destroy","decl":{"start":{"line":132,"column":15},"end":{"line":132,"column":22}},"loc":{"start":{"line":132,"column":33},"end":{"line":136,"column":1}},"line":132},"9":{"name":"edit","decl":{"start":{"line":138,"column":15},"end":{"line":138,"column":19}},"loc":{"start":{"line":138,"column":30},"end":{"line":142,"column":1}},"line":138},"10":{"name":"update","decl":{"start":{"line":144,"column":15},"end":{"line":144,"column":21}},"loc":{"start":{"line":144,"column":32},"end":{"line":176,"column":1}},"line":144}},"branchMap":{"0":{"loc":{"start":{"line":16,"column":8},"end":{"line":20,"column":7}},"type":"if","locations":[{"start":{"line":16,"column":8},"end":{"line":20,"column":7}},{"start":{"line":16,"column":8},"end":{"line":20,"column":7}}],"line":16},"1":{"loc":{"start":{"line":104,"column":4},"end":{"line":119,"column":5}},"type":"if","locations":[{"start":{"line":104,"column":4},"end":{"line":119,"column":5}},{"start":{"line":104,"column":4},"end":{"line":119,"column":5}}],"line":104}},"s":{"0":1,"1":1,"2":1,"3":1,"4":1,"5":0,"6":0,"7":0,"8":0,"9":0,"10":0,"11":0,"12":0,"13":0,"14":0,"15":0,"16":0,"17":0,"18":0,"19":0,"20":0,"21":0,"22":0,"23":0,"24":0,"25":0,"26":0,"27":0,"28":0,"29":0,"30":0,"31":0,"32":0,"33":0,"34":0,"35":0,"36":0,"37":0,"38":0,"39":0,"40":0,"41":0,"42":0,"43":0,"44":0,"45":0,"46":0,"47":0,"48":1},"f":{"0":0,"1":0,"2":0,"3":0,"4":0,"5":0,"6":0,"7":0,"8":0,"9":0,"10":0},"b":{"0":[0,0],"1":[0,0]},"_coverageSchema":"332fd63041d2c1bcb487cc26dd0d5f7d97098a6c","hash":"4c8cae44c078655e6bafdffd7d0963445a71a03a"}
,"/mnt/c/Users/Josephine/REPOS/mutts/express-boilerplate/controllers/contact_controller.js": {"path":"/mnt/c/Users/Josephine/REPOS/mutts/express-boilerplate/controllers/contact_controller.js","statementMap":{"0":{"start":{"line":1,"column":21},"end":{"line":1,"column":66}},"1":{"start":{"line":2,"column":19},"end":{"line":2,"column":40}},"2":{"start":{"line":3,"column":26},"end":{"line":3,"column":66}},"3":{"start":{"line":4,"column":20},"end":{"line":8,"column":3}},"4":{"start":{"line":12,"column":18},"end":{"line":12,"column":43}},"5":{"start":{"line":13,"column":1},"end":{"line":13,"column":27}},"6":{"start":{"line":25,"column":4},"end":{"line":25,"column":12}},"7":{"start":{"line":27,"column":17},"end":{"line":36,"column":42}},"8":{"start":{"line":36,"column":16},"end":{"line":36,"column":41}},"9":{"start":{"line":39,"column":1},"end":{"line":45,"column":3}},"10":{"start":{"line":47,"column":0},"end":{"line":53,"column":3}},"11":{"start":{"line":55,"column":1},"end":{"line":55,"column":38}},"12":{"start":{"line":57,"column":1},"end":{"line":57,"column":26}},"13":{"start":{"line":61,"column":16},"end":{"line":61,"column":26}},"14":{"start":{"line":62,"column":17},"end":{"line":62,"column":48}},"15":{"start":{"line":63,"column":1},"end":{"line":63,"column":22}},"16":{"start":{"line":64,"column":1},"end":{"line":64,"column":26}},"17":{"start":{"line":68,"column":14},"end":{"line":68,"column":24}},"18":{"start":{"line":69,"column":1},"end":{"line":69,"column":42}},"19":{"start":{"line":70,"column":1},"end":{"line":70,"column":26}},"20":{"start":{"line":74,"column":16},"end":{"line":74,"column":26}},"21":{"start":{"line":75,"column":17},"end":{"line":75,"column":48}},"22":{"start":{"line":76,"column":1},"end":{"line":76,"column":26}},"23":{"start":{"line":80,"column":16},"end":{"line":80,"column":26}},"24":{"start":{"line":81,"column":13},"end":{"line":81,"column":24}},"25":{"start":{"line":82,"column":17},"end":{"line":91,"column":3}},"26":{"start":{"line":93,"column":1},"end":{"line":93,"column":26}},"27":{"start":{"line":96,"column":0},"end":{"line":103,"column":2}}},"fnMap":{"0":{"name":"index","decl":{"start":{"line":11,"column":15},"end":{"line":11,"column":20}},"loc":{"start":{"line":11,"column":31},"end":{"line":15,"column":1}},"line":11},"1":{"name":"create","decl":{"start":{"line":17,"column":15},"end":{"line":17,"column":21}},"loc":{"start":{"line":17,"column":32},"end":{"line":58,"column":1}},"line":17},"2":{"name":"(anonymous_2)","decl":{"start":{"line":36,"column":9},"end":{"line":36,"column":10}},"loc":{"start":{"line":36,"column":16},"end":{"line":36,"column":41}},"line":36},"3":{"name":"show","decl":{"start":{"line":60,"column":15},"end":{"line":60,"column":19}},"loc":{"start":{"line":60,"column":30},"end":{"line":65,"column":1}},"line":60},"4":{"name":"destroy","decl":{"start":{"line":67,"column":15},"end":{"line":67,"column":22}},"loc":{"start":{"line":67,"column":33},"end":{"line":71,"column":1}},"line":67},"5":{"name":"update","decl":{"start":{"line":73,"column":15},"end":{"line":73,"column":21}},"loc":{"start":{"line":73,"column":32},"end":{"line":77,"column":1}},"line":73},"6":{"name":"edit","decl":{"start":{"line":79,"column":15},"end":{"line":79,"column":19}},"loc":{"start":{"line":79,"column":30},"end":{"line":94,"column":1}},"line":79}},"branchMap":{},"s":{"0":1,"1":1,"2":1,"3":1,"4":0,"5":0,"6":1,"7":1,"8":0,"9":0,"10":0,"11":0,"12":0,"13":0,"14":0,"15":0,"16":0,"17":0,"18":0,"19":0,"20":0,"21":0,"22":0,"23":0,"24":0,"25":0,"26":0,"27":1},"f":{"0":0,"1":1,"2":0,"3":0,"4":0,"5":0,"6":0},"b":{},"_coverageSchema":"332fd63041d2c1bcb487cc26dd0d5f7d97098a6c","hash":"a8f1d971347f7cb71c36db81ee0a4fce3f56bb54"}
,"/mnt/c/Users/Josephine/REPOS/mutts/express-boilerplate/controllers/customer_controller.js": {"path":"/mnt/c/Users/Josephine/REPOS/mutts/express-boilerplate/controllers/customer_controller.js","statementMap":{"0":{"start":{"line":1,"column":22},"end":{"line":1,"column":68}},"1":{"start":{"line":4,"column":22},"end":{"line":4,"column":48}},"2":{"start":{"line":5,"column":4},"end":{"line":5,"column":31}},"3":{"start":{"line":9,"column":19},"end":{"line":9,"column":29}},"4":{"start":{"line":10,"column":21},"end":{"line":10,"column":53}},"5":{"start":{"line":11,"column":4},"end":{"line":11,"column":30}},"6":{"start":{"line":15,"column":17},"end":{"line":15,"column":27}},"7":{"start":{"line":16,"column":4},"end":{"line":16,"column":46}},"8":{"start":{"line":17,"column":4},"end":{"line":17,"column":48}},"9":{"start":{"line":21,"column":19},"end":{"line":21,"column":29}},"10":{"start":{"line":22,"column":21},"end":{"line":22,"column":53}},"11":{"start":{"line":23,"column":4},"end":{"line":23,"column":30}},"12":{"start":{"line":28,"column":19},"end":{"line":28,"column":29}},"13":{"start":{"line":35,"column":8},"end":{"line":35,"column":16}},"14":{"start":{"line":37,"column":18},"end":{"line":37,"column":29}},"15":{"start":{"line":38,"column":21},"end":{"line":49,"column":5}},"16":{"start":{"line":50,"column":4},"end":{"line":50,"column":30}},"17":{"start":{"line":54,"column":0},"end":{"line":60,"column":1}}},"fnMap":{"0":{"name":"index","decl":{"start":{"line":3,"column":15},"end":{"line":3,"column":20}},"loc":{"start":{"line":3,"column":31},"end":{"line":6,"column":1}},"line":3},"1":{"name":"show","decl":{"start":{"line":8,"column":15},"end":{"line":8,"column":19}},"loc":{"start":{"line":8,"column":30},"end":{"line":12,"column":1}},"line":8},"2":{"name":"destroy","decl":{"start":{"line":14,"column":15},"end":{"line":14,"column":22}},"loc":{"start":{"line":14,"column":33},"end":{"line":18,"column":1}},"line":14},"3":{"name":"edit","decl":{"start":{"line":20,"column":15},"end":{"line":20,"column":19}},"loc":{"start":{"line":20,"column":30},"end":{"line":24,"column":1}},"line":20},"4":{"name":"update","decl":{"start":{"line":27,"column":15},"end":{"line":27,"column":21}},"loc":{"start":{"line":27,"column":32},"end":{"line":51,"column":1}},"line":27}},"branchMap":{},"s":{"0":1,"1":0,"2":0,"3":0,"4":0,"5":0,"6":0,"7":0,"8":0,"9":0,"10":0,"11":0,"12":0,"13":0,"14":0,"15":0,"16":0,"17":1},"f":{"0":0,"1":0,"2":0,"3":0,"4":0},"b":{},"_coverageSchema":"332fd63041d2c1bcb487cc26dd0d5f7d97098a6c","hash":"b6bf873e5e47ec37f70f4d63d66b0bf80f41cdad"}
,"/mnt/c/Users/Josephine/REPOS/mutts/express-boilerplate/database/models/booking_model.js": {"path":"/mnt/c/Users/Josephine/REPOS/mutts/express-boilerplate/database/models/booking_model.js","statementMap":{"0":{"start":{"line":1,"column":17},"end":{"line":1,"column":36}},"1":{"start":{"line":2,"column":22},"end":{"line":2,"column":60}},"2":{"start":{"line":4,"column":21},"end":{"line":4,"column":61}},"3":{"start":{"line":6,"column":0},"end":{"line":6,"column":30}}},"fnMap":{},"branchMap":{},"s":{"0":1,"1":1,"2":1,"3":1},"f":{},"b":{},"_coverageSchema":"332fd63041d2c1bcb487cc26dd0d5f7d97098a6c","hash":"f6f0205d298fcf39f515856c088377640515c172"}
,"/mnt/c/Users/Josephine/REPOS/mutts/express-boilerplate/database/models/contact_model.js": {"path":"/mnt/c/Users/Josephine/REPOS/mutts/express-boilerplate/database/models/contact_model.js","statementMap":{"0":{"start":{"line":1,"column":17},"end":{"line":1,"column":36}},"1":{"start":{"line":2,"column":22},"end":{"line":2,"column":60}},"2":{"start":{"line":4,"column":21},"end":{"line":4,"column":61}},"3":{"start":{"line":6,"column":0},"end":{"line":6,"column":30}}},"fnMap":{},"branchMap":{},"s":{"0":1,"1":1,"2":1,"3":1},"f":{},"b":{},"_coverageSchema":"332fd63041d2c1bcb487cc26dd0d5f7d97098a6c","hash":"dd8c048cb2549d640a0c645790791764f6da00e5"}
,"/mnt/c/Users/Josephine/REPOS/mutts/express-boilerplate/database/models/customer_model.js": {"path":"/mnt/c/Users/Josephine/REPOS/mutts/express-boilerplate/database/models/customer_model.js","statementMap":{"0":{"start":{"line":1,"column":17},"end":{"line":1,"column":36}},"1":{"start":{"line":2,"column":23},"end":{"line":2,"column":62}},"2":{"start":{"line":4,"column":22},"end":{"line":4,"column":64}},"3":{"start":{"line":6,"column":0},"end":{"line":6,"column":31}}},"fnMap":{},"branchMap":{},"s":{"0":1,"1":1,"2":1,"3":1},"f":{},"b":{},"_coverageSchema":"332fd63041d2c1bcb487cc26dd0d5f7d97098a6c","hash":"0326bc24c122ec99692fcbf37ec15647b817d914"}
,"/mnt/c/Users/Josephine/REPOS/mutts/express-boilerplate/database/schemas/booking_schema.js": {"path":"/mnt/c/Users/Josephine/REPOS/mutts/express-boilerplate/database/schemas/booking_schema.js","statementMap":{"0":{"start":{"line":1,"column":19},"end":{"line":1,"column":38}},"1":{"start":{"line":3,"column":22},"end":{"line":42,"column":2}},"2":{"start":{"line":12,"column":20},"end":{"line":12,"column":48}},"3":{"start":{"line":44,"column":0},"end":{"line":44,"column":31}}},"fnMap":{"0":{"name":"(anonymous_0)","decl":{"start":{"line":12,"column":13},"end":{"line":12,"column":14}},"loc":{"start":{"line":12,"column":20},"end":{"line":12,"column":48}},"line":12}},"branchMap":{},"s":{"0":1,"1":1,"2":0,"3":1},"f":{"0":0},"b":{},"_coverageSchema":"332fd63041d2c1bcb487cc26dd0d5f7d97098a6c","hash":"13c2de7eaa843f6841a39a93bbca94d45d0eccc1"}
,"/mnt/c/Users/Josephine/REPOS/mutts/express-boilerplate/database/schemas/contact_schema.js": {"path":"/mnt/c/Users/Josephine/REPOS/mutts/express-boilerplate/database/schemas/contact_schema.js","statementMap":{"0":{"start":{"line":1,"column":19},"end":{"line":1,"column":38}},"1":{"start":{"line":3,"column":22},"end":{"line":35,"column":2}},"2":{"start":{"line":37,"column":0},"end":{"line":37,"column":31}}},"fnMap":{},"branchMap":{},"s":{"0":1,"1":1,"2":1},"f":{},"b":{},"_coverageSchema":"332fd63041d2c1bcb487cc26dd0d5f7d97098a6c","hash":"bdffe46d353624cd33a28baafeb2bf63af7ee6c2"}
,"/mnt/c/Users/Josephine/REPOS/mutts/express-boilerplate/database/schemas/customer_schema.js": {"path":"/mnt/c/Users/Josephine/REPOS/mutts/express-boilerplate/database/schemas/customer_schema.js","statementMap":{"0":{"start":{"line":1,"column":19},"end":{"line":1,"column":38}},"1":{"start":{"line":3,"column":23},"end":{"line":31,"column":2}},"2":{"start":{"line":33,"column":0},"end":{"line":33,"column":32}}},"fnMap":{},"branchMap":{},"s":{"0":1,"1":1,"2":1},"f":{},"b":{},"_coverageSchema":"332fd63041d2c1bcb487cc26dd0d5f7d97098a6c","hash":"6726d26e9f0cc69c5a7808ca0829e815261cc52d"}
,"/mnt/c/Users/Josephine/REPOS/mutts/express-boilerplate/middleware/error_handler_middleware.js": {"path":"/mnt/c/Users/Josephine/REPOS/mutts/express-boilerplate/middleware/error_handler_middleware.js","statementMap":{"0":{"start":{"line":1,"column":0},"end":{"line":7,"column":1}},"1":{"start":{"line":2,"column":4},"end":{"line":4,"column":5}},"2":{"start":{"line":3,"column":8},"end":{"line":3,"column":60}},"3":{"start":{"line":6,"column":4},"end":{"line":6,"column":21}}},"fnMap":{"0":{"name":"(anonymous_0)","decl":{"start":{"line":1,"column":17},"end":{"line":1,"column":18}},"loc":{"start":{"line":1,"column":47},"end":{"line":7,"column":1}},"line":1}},"branchMap":{"0":{"loc":{"start":{"line":2,"column":4},"end":{"line":4,"column":5}},"type":"if","locations":[{"start":{"line":2,"column":4},"end":{"line":4,"column":5}},{"start":{"line":2,"column":4},"end":{"line":4,"column":5}}],"line":2},"1":{"loc":{"start":{"line":2,"column":8},"end":{"line":2,"column":39}},"type":"binary-expr","locations":[{"start":{"line":2,"column":8},"end":{"line":2,"column":11}},{"start":{"line":2,"column":15},"end":{"line":2,"column":39}}],"line":2}},"s":{"0":1,"1":0,"2":0,"3":0},"f":{"0":0},"b":{"0":[0,0],"1":[0,0]},"_coverageSchema":"332fd63041d2c1bcb487cc26dd0d5f7d97098a6c","hash":"8b5992d2c60680201a2d3c20d2772397508ab4e7"}
,"/mnt/c/Users/Josephine/REPOS/mutts/express-boilerplate/routes/booking_routes.js": {"path":"/mnt/c/Users/Josephine/REPOS/mutts/express-boilerplate/routes/booking_routes.js","statementMap":{"0":{"start":{"line":1,"column":16},"end":{"line":1,"column":34}},"1":{"start":{"line":2,"column":15},"end":{"line":2,"column":31}},"2":{"start":{"line":4,"column":26},"end":{"line":4,"column":72}},"3":{"start":{"line":6,"column":0},"end":{"line":6,"column":41}},"4":{"start":{"line":7,"column":0},"end":{"line":7,"column":57}},"5":{"start":{"line":8,"column":0},"end":{"line":8,"column":43}},"6":{"start":{"line":9,"column":0},"end":{"line":9,"column":43}},"7":{"start":{"line":10,"column":0},"end":{"line":10,"column":48}},"8":{"start":{"line":11,"column":0},"end":{"line":11,"column":54}},"9":{"start":{"line":12,"column":0},"end":{"line":12,"column":56}},"10":{"start":{"line":13,"column":0},"end":{"line":13,"column":45}},"11":{"start":{"line":14,"column":0},"end":{"line":14,"column":47}},"12":{"start":{"line":15,"column":0},"end":{"line":15,"column":49}},"13":{"start":{"line":17,"column":0},"end":{"line":17,"column":24}}},"fnMap":{},"branchMap":{},"s":{"0":1,"1":1,"2":1,"3":1,"4":1,"5":1,"6":1,"7":1,"8":1,"9":1,"10":1,"11":1,"12":1,"13":1},"f":{},"b":{},"_coverageSchema":"332fd63041d2c1bcb487cc26dd0d5f7d97098a6c","hash":"e733b57ae07cca9760e069319d352b202466d6d1"}
,"/mnt/c/Users/Josephine/REPOS/mutts/express-boilerplate/routes/contact_routes.js": {"path":"/mnt/c/Users/Josephine/REPOS/mutts/express-boilerplate/routes/contact_routes.js","statementMap":{"0":{"start":{"line":1,"column":16},"end":{"line":1,"column":34}},"1":{"start":{"line":2,"column":15},"end":{"line":2,"column":31}},"2":{"start":{"line":4,"column":26},"end":{"line":4,"column":72}},"3":{"start":{"line":6,"column":0},"end":{"line":6,"column":41}},"4":{"start":{"line":7,"column":0},"end":{"line":7,"column":43}},"5":{"start":{"line":8,"column":0},"end":{"line":8,"column":48}},"6":{"start":{"line":9,"column":0},"end":{"line":9,"column":43}},"7":{"start":{"line":10,"column":0},"end":{"line":10,"column":45}},"8":{"start":{"line":11,"column":0},"end":{"line":11,"column":47}},"9":{"start":{"line":12,"column":0},"end":{"line":12,"column":49}},"10":{"start":{"line":16,"column":0},"end":{"line":16,"column":24}}},"fnMap":{},"branchMap":{},"s":{"0":1,"1":1,"2":1,"3":1,"4":1,"5":1,"6":1,"7":1,"8":1,"9":1,"10":1},"f":{},"b":{},"_coverageSchema":"332fd63041d2c1bcb487cc26dd0d5f7d97098a6c","hash":"f2ca663a1d5d3975b7b04d4ad1fd14d4e711ea50"}
,"/mnt/c/Users/Josephine/REPOS/mutts/express-boilerplate/routes/customer_routes.js": {"path":"/mnt/c/Users/Josephine/REPOS/mutts/express-boilerplate/routes/customer_routes.js","statementMap":{"0":{"start":{"line":1,"column":16},"end":{"line":1,"column":34}},"1":{"start":{"line":2,"column":15},"end":{"line":2,"column":31}},"2":{"start":{"line":4,"column":27},"end":{"line":4,"column":74}},"3":{"start":{"line":6,"column":0},"end":{"line":6,"column":42}},"4":{"start":{"line":7,"column":0},"end":{"line":7,"column":44}},"5":{"start":{"line":8,"column":0},"end":{"line":8,"column":49}},"6":{"start":{"line":9,"column":0},"end":{"line":9,"column":46}},"7":{"start":{"line":10,"column":0},"end":{"line":10,"column":48}},"8":{"start":{"line":11,"column":0},"end":{"line":11,"column":50}},"9":{"start":{"line":13,"column":0},"end":{"line":13,"column":24}}},"fnMap":{},"branchMap":{},"s":{"0":1,"1":1,"2":1,"3":1,"4":1,"5":1,"6":1,"7":1,"8":1,"9":1},"f":{},"b":{},"_coverageSchema":"332fd63041d2c1bcb487cc26dd0d5f7d97098a6c","hash":"6401d3775518e72717c1cc3a4b2825fbf29ec4c4"}
,"/mnt/c/Users/Josephine/REPOS/mutts/express-boilerplate/routes/index.js": {"path":"/mnt/c/Users/Josephine/REPOS/mutts/express-boilerplate/routes/index.js","statementMap":{"0":{"start":{"line":1,"column":16},"end":{"line":1,"column":34}},"1":{"start":{"line":2,"column":15},"end":{"line":2,"column":31}},"2":{"start":{"line":3,"column":22},"end":{"line":3,"column":49}},"3":{"start":{"line":4,"column":23},"end":{"line":4,"column":51}},"4":{"start":{"line":5,"column":22},"end":{"line":5,"column":49}},"5":{"start":{"line":7,"column":0},"end":{"line":7,"column":51}},"6":{"start":{"line":7,"column":30},"end":{"line":7,"column":49}},"7":{"start":{"line":8,"column":0},"end":{"line":8,"column":39}},"8":{"start":{"line":9,"column":0},"end":{"line":9,"column":41}},"9":{"start":{"line":10,"column":0},"end":{"line":10,"column":40}},"10":{"start":{"line":12,"column":0},"end":{"line":12,"column":24}}},"fnMap":{"0":{"name":"(anonymous_0)","decl":{"start":{"line":7,"column":16},"end":{"line":7,"column":17}},"loc":{"start":{"line":7,"column":30},"end":{"line":7,"column":49}},"line":7}},"branchMap":{},"s":{"0":1,"1":1,"2":1,"3":1,"4":1,"5":1,"6":0,"7":1,"8":1,"9":1,"10":1},"f":{"0":0},"b":{},"_coverageSchema":"332fd63041d2c1bcb487cc26dd0d5f7d97098a6c","hash":"3fabcbd40ede168739ef5b1ce456e70ee043abfe"}
}
