{"/Users/nathanielmorales/Desktop/mernstack_project/doggystyle/app.js": {"path":"/Users/nathanielmorales/Desktop/mernstack_project/doggystyle/app.js","statementMap":{"0":{"start":{"line":1,"column":16},"end":{"line":1,"column":34}},"1":{"start":{"line":2,"column":15},"end":{"line":2,"column":32}},"2":{"start":{"line":3,"column":13},"end":{"line":3,"column":28}},"3":{"start":{"line":4,"column":12},"end":{"line":4,"column":21}},"4":{"start":{"line":6,"column":0},"end":{"line":6,"column":49}},"5":{"start":{"line":7,"column":0},"end":{"line":7,"column":24}},"6":{"start":{"line":9,"column":0},"end":{"line":9,"column":16}},"7":{"start":{"line":11,"column":0},"end":{"line":11,"column":28}},"8":{"start":{"line":13,"column":0},"end":{"line":13,"column":29}},"9":{"start":{"line":15,"column":0},"end":{"line":15,"column":34}},"10":{"start":{"line":17,"column":0},"end":{"line":17,"column":58}},"11":{"start":{"line":19,"column":0},"end":{"line":19,"column":21}}},"fnMap":{},"branchMap":{},"s":{"0":1,"1":1,"2":1,"3":1,"4":1,"5":1,"6":1,"7":1,"8":1,"9":1,"10":1,"11":1},"f":{},"b":{},"_coverageSchema":"332fd63041d2c1bcb487cc26dd0d5f7d97098a6c","hash":"49f123e9ba423b3d90d2cdaed79edf3f899e487d"}
,"/Users/nathanielmorales/Desktop/mernstack_project/doggystyle/controllers/advert_controller.js": {"path":"/Users/nathanielmorales/Desktop/mernstack_project/doggystyle/controllers/advert_controller.js","statementMap":{"0":{"start":{"line":1,"column":20},"end":{"line":1,"column":64}},"1":{"start":{"line":9,"column":7},"end":{"line":9,"column":15}},"2":{"start":{"line":11,"column":23},"end":{"line":18,"column":45}},"3":{"start":{"line":18,"column":19},"end":{"line":18,"column":44}},"4":{"start":{"line":20,"column":4},"end":{"line":20,"column":51}},"5":{"start":{"line":21,"column":4},"end":{"line":21,"column":32}},"6":{"start":{"line":25,"column":17},"end":{"line":25,"column":41}},"7":{"start":{"line":26,"column":4},"end":{"line":26,"column":26}},"8":{"start":{"line":30,"column":19},"end":{"line":30,"column":29}},"9":{"start":{"line":31,"column":23},"end":{"line":31,"column":53}},"10":{"start":{"line":32,"column":4},"end":{"line":32,"column":32}},"11":{"start":{"line":36,"column":17},"end":{"line":36,"column":27}},"12":{"start":{"line":37,"column":4},"end":{"line":37,"column":44}},"13":{"start":{"line":38,"column":4},"end":{"line":38,"column":46}},"14":{"start":{"line":42,"column":19},"end":{"line":42,"column":29}},"15":{"start":{"line":43,"column":23},"end":{"line":43,"column":53}},"16":{"start":{"line":44,"column":4},"end":{"line":44,"column":32}},"17":{"start":{"line":48,"column":19},"end":{"line":48,"column":29}},"18":{"start":{"line":54,"column":8},"end":{"line":54,"column":16}},"19":{"start":{"line":56,"column":18},"end":{"line":56,"column":29}},"20":{"start":{"line":57,"column":4},"end":{"line":67,"column":6}},"21":{"start":{"line":68,"column":4},"end":{"line":68,"column":52}},"22":{"start":{"line":72,"column":0},"end":{"line":79,"column":1}}},"fnMap":{"0":{"name":"create","decl":{"start":{"line":3,"column":15},"end":{"line":3,"column":21}},"loc":{"start":{"line":3,"column":32},"end":{"line":22,"column":1}},"line":3},"1":{"name":"(anonymous_1)","decl":{"start":{"line":18,"column":12},"end":{"line":18,"column":13}},"loc":{"start":{"line":18,"column":19},"end":{"line":18,"column":44}},"line":18},"2":{"name":"index","decl":{"start":{"line":24,"column":15},"end":{"line":24,"column":20}},"loc":{"start":{"line":24,"column":31},"end":{"line":27,"column":1}},"line":24},"3":{"name":"show","decl":{"start":{"line":29,"column":15},"end":{"line":29,"column":19}},"loc":{"start":{"line":29,"column":30},"end":{"line":33,"column":1}},"line":29},"4":{"name":"destroy","decl":{"start":{"line":35,"column":15},"end":{"line":35,"column":22}},"loc":{"start":{"line":35,"column":33},"end":{"line":39,"column":1}},"line":35},"5":{"name":"edit","decl":{"start":{"line":41,"column":15},"end":{"line":41,"column":19}},"loc":{"start":{"line":41,"column":30},"end":{"line":45,"column":1}},"line":41},"6":{"name":"update","decl":{"start":{"line":47,"column":15},"end":{"line":47,"column":21}},"loc":{"start":{"line":47,"column":32},"end":{"line":69,"column":1}},"line":47}},"branchMap":{},"s":{"0":1,"1":1,"2":1,"3":0,"4":1,"5":1,"6":0,"7":0,"8":0,"9":0,"10":0,"11":0,"12":0,"13":0,"14":0,"15":0,"16":0,"17":0,"18":0,"19":0,"20":0,"21":0,"22":1},"f":{"0":1,"1":0,"2":0,"3":0,"4":0,"5":0,"6":0},"b":{},"_coverageSchema":"332fd63041d2c1bcb487cc26dd0d5f7d97098a6c","hash":"36bc4b27fc4738fa31ff37f19887ee14e4316659"}
,"/Users/nathanielmorales/Desktop/mernstack_project/doggystyle/controllers/authentication_controller.js": {"path":"/Users/nathanielmorales/Desktop/mernstack_project/doggystyle/controllers/authentication_controller.js","statementMap":{"0":{"start":{"line":1,"column":18},"end":{"line":1,"column":60}},"1":{"start":{"line":2,"column":12},"end":{"line":2,"column":35}},"2":{"start":{"line":5,"column":35},"end":{"line":5,"column":43}},"3":{"start":{"line":6,"column":17},"end":{"line":6,"column":54}},"4":{"start":{"line":8,"column":4},"end":{"line":10,"column":5}},"5":{"start":{"line":9,"column":8},"end":{"line":9,"column":79}},"6":{"start":{"line":12,"column":18},"end":{"line":12,"column":53}},"7":{"start":{"line":14,"column":4},"end":{"line":16,"column":5}},"8":{"start":{"line":15,"column":8},"end":{"line":15,"column":75}},"9":{"start":{"line":18,"column":18},"end":{"line":26,"column":5}},"10":{"start":{"line":23,"column":12},"end":{"line":23,"column":31}},"11":{"start":{"line":23,"column":21},"end":{"line":23,"column":31}},"12":{"start":{"line":24,"column":12},"end":{"line":24,"column":30}},"13":{"start":{"line":29,"column":0},"end":{"line":31,"column":1}}},"fnMap":{"0":{"name":"login","decl":{"start":{"line":4,"column":15},"end":{"line":4,"column":20}},"loc":{"start":{"line":4,"column":31},"end":{"line":27,"column":1}},"line":4},"1":{"name":"(anonymous_1)","decl":{"start":{"line":22,"column":8},"end":{"line":22,"column":9}},"loc":{"start":{"line":22,"column":24},"end":{"line":25,"column":9}},"line":22}},"branchMap":{"0":{"loc":{"start":{"line":8,"column":4},"end":{"line":10,"column":5}},"type":"if","locations":[{"start":{"line":8,"column":4},"end":{"line":10,"column":5}},{"start":{"line":8,"column":4},"end":{"line":10,"column":5}}],"line":8},"1":{"loc":{"start":{"line":14,"column":4},"end":{"line":16,"column":5}},"type":"if","locations":[{"start":{"line":14,"column":4},"end":{"line":16,"column":5}},{"start":{"line":14,"column":4},"end":{"line":16,"column":5}}],"line":14},"2":{"loc":{"start":{"line":23,"column":12},"end":{"line":23,"column":31}},"type":"if","locations":[{"start":{"line":23,"column":12},"end":{"line":23,"column":31}},{"start":{"line":23,"column":12},"end":{"line":23,"column":31}}],"line":23}},"s":{"0":1,"1":1,"2":0,"3":0,"4":0,"5":0,"6":0,"7":0,"8":0,"9":0,"10":0,"11":0,"12":0,"13":1},"f":{"0":0,"1":0},"b":{"0":[0,0],"1":[0,0],"2":[0,0]},"_coverageSchema":"332fd63041d2c1bcb487cc26dd0d5f7d97098a6c","hash":"4db75f7fdfa118fc5259260d691b92a2b5a9660d"}
,"/Users/nathanielmorales/Desktop/mernstack_project/doggystyle/controllers/blog_controller.js": {"path":"/Users/nathanielmorales/Desktop/mernstack_project/doggystyle/controllers/blog_controller.js","statementMap":{"0":{"start":{"line":1,"column":18},"end":{"line":1,"column":60}},"1":{"start":{"line":8,"column":7},"end":{"line":8,"column":15}},"2":{"start":{"line":10,"column":21},"end":{"line":16,"column":45}},"3":{"start":{"line":16,"column":19},"end":{"line":16,"column":44}},"4":{"start":{"line":18,"column":4},"end":{"line":18,"column":23}},"5":{"start":{"line":22,"column":17},"end":{"line":23,"column":44}},"6":{"start":{"line":23,"column":18},"end":{"line":23,"column":43}},"7":{"start":{"line":24,"column":4},"end":{"line":24,"column":19}},"8":{"start":{"line":28,"column":19},"end":{"line":28,"column":29}},"9":{"start":{"line":29,"column":21},"end":{"line":30,"column":44}},"10":{"start":{"line":30,"column":18},"end":{"line":30,"column":43}},"11":{"start":{"line":31,"column":4},"end":{"line":31,"column":23}},"12":{"start":{"line":35,"column":17},"end":{"line":35,"column":27}},"13":{"start":{"line":36,"column":4},"end":{"line":37,"column":45}},"14":{"start":{"line":37,"column":18},"end":{"line":37,"column":43}},"15":{"start":{"line":38,"column":4},"end":{"line":38,"column":37}},"16":{"start":{"line":42,"column":19},"end":{"line":42,"column":29}},"17":{"start":{"line":43,"column":21},"end":{"line":44,"column":44}},"18":{"start":{"line":44,"column":18},"end":{"line":44,"column":43}},"19":{"start":{"line":45,"column":4},"end":{"line":45,"column":23}},"20":{"start":{"line":49,"column":19},"end":{"line":49,"column":29}},"21":{"start":{"line":54,"column":8},"end":{"line":54,"column":16}},"22":{"start":{"line":56,"column":18},"end":{"line":56,"column":29}},"23":{"start":{"line":57,"column":4},"end":{"line":66,"column":46}},"24":{"start":{"line":66,"column":19},"end":{"line":66,"column":44}},"25":{"start":{"line":67,"column":4},"end":{"line":67,"column":50}},"26":{"start":{"line":71,"column":0},"end":{"line":78,"column":1}}},"fnMap":{"0":{"name":"create","decl":{"start":{"line":3,"column":15},"end":{"line":3,"column":21}},"loc":{"start":{"line":3,"column":32},"end":{"line":19,"column":1}},"line":3},"1":{"name":"(anonymous_1)","decl":{"start":{"line":16,"column":12},"end":{"line":16,"column":13}},"loc":{"start":{"line":16,"column":19},"end":{"line":16,"column":44}},"line":16},"2":{"name":"index","decl":{"start":{"line":21,"column":15},"end":{"line":21,"column":20}},"loc":{"start":{"line":21,"column":31},"end":{"line":25,"column":1}},"line":21},"3":{"name":"(anonymous_3)","decl":{"start":{"line":23,"column":11},"end":{"line":23,"column":12}},"loc":{"start":{"line":23,"column":18},"end":{"line":23,"column":43}},"line":23},"4":{"name":"show","decl":{"start":{"line":27,"column":15},"end":{"line":27,"column":19}},"loc":{"start":{"line":27,"column":30},"end":{"line":32,"column":1}},"line":27},"5":{"name":"(anonymous_5)","decl":{"start":{"line":30,"column":11},"end":{"line":30,"column":12}},"loc":{"start":{"line":30,"column":18},"end":{"line":30,"column":43}},"line":30},"6":{"name":"destroy","decl":{"start":{"line":34,"column":15},"end":{"line":34,"column":22}},"loc":{"start":{"line":34,"column":33},"end":{"line":39,"column":1}},"line":34},"7":{"name":"(anonymous_7)","decl":{"start":{"line":37,"column":11},"end":{"line":37,"column":12}},"loc":{"start":{"line":37,"column":18},"end":{"line":37,"column":43}},"line":37},"8":{"name":"edit","decl":{"start":{"line":41,"column":15},"end":{"line":41,"column":19}},"loc":{"start":{"line":41,"column":30},"end":{"line":46,"column":1}},"line":41},"9":{"name":"(anonymous_9)","decl":{"start":{"line":44,"column":11},"end":{"line":44,"column":12}},"loc":{"start":{"line":44,"column":18},"end":{"line":44,"column":43}},"line":44},"10":{"name":"update","decl":{"start":{"line":48,"column":15},"end":{"line":48,"column":21}},"loc":{"start":{"line":48,"column":32},"end":{"line":68,"column":1}},"line":48},"11":{"name":"(anonymous_11)","decl":{"start":{"line":66,"column":12},"end":{"line":66,"column":13}},"loc":{"start":{"line":66,"column":19},"end":{"line":66,"column":44}},"line":66}},"branchMap":{},"s":{"0":1,"1":1,"2":1,"3":0,"4":1,"5":0,"6":0,"7":0,"8":0,"9":0,"10":0,"11":0,"12":0,"13":0,"14":0,"15":0,"16":0,"17":0,"18":0,"19":0,"20":0,"21":0,"22":0,"23":0,"24":0,"25":0,"26":1},"f":{"0":1,"1":0,"2":0,"3":0,"4":0,"5":0,"6":0,"7":0,"8":0,"9":0,"10":0,"11":0},"b":{},"_coverageSchema":"332fd63041d2c1bcb487cc26dd0d5f7d97098a6c","hash":"a97afbaa8da8e9845ddc187c92e5d0d6cf93862d"}
,"/Users/nathanielmorales/Desktop/mernstack_project/doggystyle/controllers/booking_controller.js": {"path":"/Users/nathanielmorales/Desktop/mernstack_project/doggystyle/controllers/booking_controller.js","statementMap":{"0":{"start":{"line":1,"column":21},"end":{"line":1,"column":66}},"1":{"start":{"line":2,"column":19},"end":{"line":2,"column":40}},"2":{"start":{"line":3,"column":26},"end":{"line":3,"column":66}},"3":{"start":{"line":4,"column":20},"end":{"line":10,"column":1}},"4":{"start":{"line":13,"column":19},"end":{"line":15,"column":3}},"5":{"start":{"line":14,"column":4},"end":{"line":14,"column":29}},"6":{"start":{"line":16,"column":2},"end":{"line":16,"column":28}},"7":{"start":{"line":29,"column":6},"end":{"line":29,"column":14}},"8":{"start":{"line":31,"column":18},"end":{"line":40,"column":44}},"9":{"start":{"line":40,"column":18},"end":{"line":40,"column":43}},"10":{"start":{"line":43,"column":2},"end":{"line":54,"column":5}},"11":{"start":{"line":56,"column":2},"end":{"line":67,"column":5}},"12":{"start":{"line":69,"column":2},"end":{"line":69,"column":42}},"13":{"start":{"line":71,"column":2},"end":{"line":71,"column":35}},"14":{"start":{"line":75,"column":17},"end":{"line":75,"column":27}},"15":{"start":{"line":77,"column":18},"end":{"line":79,"column":3}},"16":{"start":{"line":78,"column":4},"end":{"line":78,"column":29}},"17":{"start":{"line":80,"column":2},"end":{"line":80,"column":27}},"18":{"start":{"line":84,"column":15},"end":{"line":84,"column":25}},"19":{"start":{"line":86,"column":2},"end":{"line":88,"column":4}},"20":{"start":{"line":87,"column":4},"end":{"line":87,"column":29}},"21":{"start":{"line":89,"column":2},"end":{"line":89,"column":38}},"22":{"start":{"line":93,"column":17},"end":{"line":93,"column":27}},"23":{"start":{"line":95,"column":18},"end":{"line":97,"column":3}},"24":{"start":{"line":96,"column":4},"end":{"line":96,"column":29}},"25":{"start":{"line":98,"column":2},"end":{"line":98,"column":27}},"26":{"start":{"line":102,"column":17},"end":{"line":102,"column":27}},"27":{"start":{"line":111,"column":6},"end":{"line":111,"column":14}},"28":{"start":{"line":112,"column":16},"end":{"line":112,"column":27}},"29":{"start":{"line":114,"column":2},"end":{"line":124,"column":45}},"30":{"start":{"line":124,"column":18},"end":{"line":124,"column":43}},"31":{"start":{"line":125,"column":2},"end":{"line":125,"column":51}},"32":{"start":{"line":130,"column":19},"end":{"line":132,"column":3}},"33":{"start":{"line":131,"column":4},"end":{"line":131,"column":29}},"34":{"start":{"line":134,"column":14},"end":{"line":141,"column":8}},"35":{"start":{"line":135,"column":4},"end":{"line":139,"column":5}},"36":{"start":{"line":136,"column":6},"end":{"line":136,"column":31}},"37":{"start":{"line":138,"column":6},"end":{"line":138,"column":29}},"38":{"start":{"line":140,"column":4},"end":{"line":140,"column":15}},"39":{"start":{"line":142,"column":2},"end":{"line":142,"column":25}},"40":{"start":{"line":147,"column":17},"end":{"line":147,"column":27}},"41":{"start":{"line":148,"column":16},"end":{"line":148,"column":27}},"42":{"start":{"line":150,"column":2},"end":{"line":152,"column":4}},"43":{"start":{"line":151,"column":11},"end":{"line":151,"column":36}},"44":{"start":{"line":153,"column":2},"end":{"line":153,"column":51}},"45":{"start":{"line":156,"column":0},"end":{"line":165,"column":2}}},"fnMap":{"0":{"name":"index","decl":{"start":{"line":12,"column":15},"end":{"line":12,"column":20}},"loc":{"start":{"line":12,"column":31},"end":{"line":17,"column":1}},"line":12},"1":{"name":"(anonymous_1)","decl":{"start":{"line":13,"column":51},"end":{"line":13,"column":52}},"loc":{"start":{"line":14,"column":4},"end":{"line":14,"column":29}},"line":14},"2":{"name":"create","decl":{"start":{"line":19,"column":15},"end":{"line":19,"column":21}},"loc":{"start":{"line":19,"column":32},"end":{"line":72,"column":1}},"line":19},"3":{"name":"(anonymous_3)","decl":{"start":{"line":40,"column":11},"end":{"line":40,"column":12}},"loc":{"start":{"line":40,"column":18},"end":{"line":40,"column":43}},"line":40},"4":{"name":"show","decl":{"start":{"line":74,"column":15},"end":{"line":74,"column":19}},"loc":{"start":{"line":74,"column":30},"end":{"line":81,"column":1}},"line":74},"5":{"name":"(anonymous_5)","decl":{"start":{"line":77,"column":56},"end":{"line":77,"column":57}},"loc":{"start":{"line":78,"column":4},"end":{"line":78,"column":29}},"line":78},"6":{"name":"destroy","decl":{"start":{"line":83,"column":15},"end":{"line":83,"column":22}},"loc":{"start":{"line":83,"column":33},"end":{"line":90,"column":1}},"line":83},"7":{"name":"(anonymous_7)","decl":{"start":{"line":86,"column":49},"end":{"line":86,"column":50}},"loc":{"start":{"line":87,"column":4},"end":{"line":87,"column":29}},"line":87},"8":{"name":"edit","decl":{"start":{"line":92,"column":15},"end":{"line":92,"column":19}},"loc":{"start":{"line":92,"column":30},"end":{"line":99,"column":1}},"line":92},"9":{"name":"(anonymous_9)","decl":{"start":{"line":95,"column":56},"end":{"line":95,"column":57}},"loc":{"start":{"line":96,"column":4},"end":{"line":96,"column":29}},"line":96},"10":{"name":"update","decl":{"start":{"line":101,"column":15},"end":{"line":101,"column":21}},"loc":{"start":{"line":101,"column":32},"end":{"line":126,"column":1}},"line":101},"11":{"name":"(anonymous_11)","decl":{"start":{"line":124,"column":11},"end":{"line":124,"column":12}},"loc":{"start":{"line":124,"column":18},"end":{"line":124,"column":43}},"line":124},"12":{"name":"getConfirmed","decl":{"start":{"line":129,"column":15},"end":{"line":129,"column":27}},"loc":{"start":{"line":129,"column":38},"end":{"line":143,"column":1}},"line":129},"13":{"name":"(anonymous_13)","decl":{"start":{"line":130,"column":74},"end":{"line":130,"column":75}},"loc":{"start":{"line":131,"column":4},"end":{"line":131,"column":29}},"line":131},"14":{"name":"(anonymous_14)","decl":{"start":{"line":134,"column":30},"end":{"line":134,"column":31}},"loc":{"start":{"line":134,"column":44},"end":{"line":141,"column":3}},"line":134},"15":{"name":"confirm","decl":{"start":{"line":146,"column":15},"end":{"line":146,"column":22}},"loc":{"start":{"line":146,"column":33},"end":{"line":154,"column":1}},"line":146},"16":{"name":"(anonymous_16)","decl":{"start":{"line":151,"column":4},"end":{"line":151,"column":5}},"loc":{"start":{"line":151,"column":11},"end":{"line":151,"column":36}},"line":151}},"branchMap":{"0":{"loc":{"start":{"line":135,"column":4},"end":{"line":139,"column":5}},"type":"if","locations":[{"start":{"line":135,"column":4},"end":{"line":139,"column":5}},{"start":{"line":135,"column":4},"end":{"line":139,"column":5}}],"line":135}},"s":{"0":1,"1":1,"2":1,"3":1,"4":0,"5":0,"6":0,"7":1,"8":1,"9":0,"10":1,"11":1,"12":1,"13":1,"14":0,"15":0,"16":0,"17":0,"18":0,"19":0,"20":0,"21":0,"22":0,"23":0,"24":0,"25":0,"26":0,"27":0,"28":0,"29":0,"30":0,"31":0,"32":0,"33":0,"34":0,"35":0,"36":0,"37":0,"38":0,"39":0,"40":0,"41":0,"42":0,"43":0,"44":0,"45":1},"f":{"0":0,"1":0,"2":1,"3":0,"4":0,"5":0,"6":0,"7":0,"8":0,"9":0,"10":0,"11":0,"12":0,"13":0,"14":0,"15":0,"16":0},"b":{"0":[0,0]},"_coverageSchema":"332fd63041d2c1bcb487cc26dd0d5f7d97098a6c","hash":"5dd69dfe446cbef60b09e4e41d0f7a7a32a6c78f"}
,"/Users/nathanielmorales/Desktop/mernstack_project/doggystyle/controllers/contact_controller.js": {"path":"/Users/nathanielmorales/Desktop/mernstack_project/doggystyle/controllers/contact_controller.js","statementMap":{"0":{"start":{"line":1,"column":21},"end":{"line":1,"column":66}},"1":{"start":{"line":2,"column":19},"end":{"line":2,"column":40}},"2":{"start":{"line":3,"column":26},"end":{"line":3,"column":66}},"3":{"start":{"line":4,"column":20},"end":{"line":10,"column":1}},"4":{"start":{"line":14,"column":19},"end":{"line":16,"column":3}},"5":{"start":{"line":15,"column":4},"end":{"line":15,"column":29}},"6":{"start":{"line":17,"column":2},"end":{"line":17,"column":28}},"7":{"start":{"line":21,"column":62},"end":{"line":21,"column":70}},"8":{"start":{"line":23,"column":18},"end":{"line":30,"column":44}},"9":{"start":{"line":30,"column":18},"end":{"line":30,"column":43}},"10":{"start":{"line":33,"column":2},"end":{"line":39,"column":5}},"11":{"start":{"line":41,"column":2},"end":{"line":47,"column":5}},"12":{"start":{"line":49,"column":2},"end":{"line":49,"column":39}},"13":{"start":{"line":51,"column":2},"end":{"line":51,"column":27}},"14":{"start":{"line":55,"column":17},"end":{"line":55,"column":27}},"15":{"start":{"line":56,"column":18},"end":{"line":58,"column":3}},"16":{"start":{"line":57,"column":4},"end":{"line":57,"column":29}},"17":{"start":{"line":59,"column":2},"end":{"line":59,"column":23}},"18":{"start":{"line":60,"column":2},"end":{"line":60,"column":27}},"19":{"start":{"line":64,"column":15},"end":{"line":64,"column":25}},"20":{"start":{"line":65,"column":2},"end":{"line":67,"column":4}},"21":{"start":{"line":66,"column":4},"end":{"line":66,"column":29}},"22":{"start":{"line":68,"column":2},"end":{"line":68,"column":27}},"23":{"start":{"line":72,"column":17},"end":{"line":72,"column":27}},"24":{"start":{"line":73,"column":18},"end":{"line":75,"column":3}},"25":{"start":{"line":74,"column":4},"end":{"line":74,"column":29}},"26":{"start":{"line":76,"column":2},"end":{"line":76,"column":27}},"27":{"start":{"line":80,"column":17},"end":{"line":80,"column":27}},"28":{"start":{"line":81,"column":14},"end":{"line":81,"column":25}},"29":{"start":{"line":82,"column":18},"end":{"line":91,"column":44}},"30":{"start":{"line":91,"column":18},"end":{"line":91,"column":43}},"31":{"start":{"line":93,"column":2},"end":{"line":93,"column":27}},"32":{"start":{"line":96,"column":0},"end":{"line":103,"column":2}}},"fnMap":{"0":{"name":"index","decl":{"start":{"line":13,"column":15},"end":{"line":13,"column":20}},"loc":{"start":{"line":13,"column":31},"end":{"line":18,"column":1}},"line":13},"1":{"name":"(anonymous_1)","decl":{"start":{"line":14,"column":51},"end":{"line":14,"column":52}},"loc":{"start":{"line":15,"column":4},"end":{"line":15,"column":29}},"line":15},"2":{"name":"create","decl":{"start":{"line":20,"column":15},"end":{"line":20,"column":21}},"loc":{"start":{"line":20,"column":32},"end":{"line":52,"column":1}},"line":20},"3":{"name":"(anonymous_3)","decl":{"start":{"line":30,"column":11},"end":{"line":30,"column":12}},"loc":{"start":{"line":30,"column":18},"end":{"line":30,"column":43}},"line":30},"4":{"name":"show","decl":{"start":{"line":54,"column":15},"end":{"line":54,"column":19}},"loc":{"start":{"line":54,"column":30},"end":{"line":61,"column":1}},"line":54},"5":{"name":"(anonymous_5)","decl":{"start":{"line":56,"column":56},"end":{"line":56,"column":57}},"loc":{"start":{"line":57,"column":4},"end":{"line":57,"column":29}},"line":57},"6":{"name":"destroy","decl":{"start":{"line":63,"column":15},"end":{"line":63,"column":22}},"loc":{"start":{"line":63,"column":33},"end":{"line":69,"column":1}},"line":63},"7":{"name":"(anonymous_7)","decl":{"start":{"line":65,"column":49},"end":{"line":65,"column":50}},"loc":{"start":{"line":66,"column":4},"end":{"line":66,"column":29}},"line":66},"8":{"name":"update","decl":{"start":{"line":71,"column":15},"end":{"line":71,"column":21}},"loc":{"start":{"line":71,"column":32},"end":{"line":77,"column":1}},"line":71},"9":{"name":"(anonymous_9)","decl":{"start":{"line":73,"column":56},"end":{"line":73,"column":57}},"loc":{"start":{"line":74,"column":4},"end":{"line":74,"column":29}},"line":74},"10":{"name":"edit","decl":{"start":{"line":79,"column":15},"end":{"line":79,"column":19}},"loc":{"start":{"line":79,"column":30},"end":{"line":94,"column":1}},"line":79},"11":{"name":"(anonymous_11)","decl":{"start":{"line":91,"column":11},"end":{"line":91,"column":12}},"loc":{"start":{"line":91,"column":18},"end":{"line":91,"column":43}},"line":91}},"branchMap":{},"s":{"0":1,"1":1,"2":1,"3":1,"4":0,"5":0,"6":0,"7":1,"8":1,"9":0,"10":1,"11":1,"12":1,"13":1,"14":0,"15":0,"16":0,"17":0,"18":0,"19":0,"20":0,"21":0,"22":0,"23":0,"24":0,"25":0,"26":0,"27":0,"28":0,"29":0,"30":0,"31":0,"32":1},"f":{"0":0,"1":0,"2":1,"3":0,"4":0,"5":0,"6":0,"7":0,"8":0,"9":0,"10":0,"11":0},"b":{},"_coverageSchema":"332fd63041d2c1bcb487cc26dd0d5f7d97098a6c","hash":"bc7d3c563b6b39f5ad51afbac36c12f3103ec64f"}
,"/Users/nathanielmorales/Desktop/mernstack_project/doggystyle/controllers/testimonial_controller.js": {"path":"/Users/nathanielmorales/Desktop/mernstack_project/doggystyle/controllers/testimonial_controller.js","statementMap":{"0":{"start":{"line":1,"column":25},"end":{"line":1,"column":74}},"1":{"start":{"line":4,"column":36},"end":{"line":4,"column":44}},"2":{"start":{"line":6,"column":24},"end":{"line":7,"column":44}},"3":{"start":{"line":7,"column":18},"end":{"line":7,"column":43}},"4":{"start":{"line":8,"column":4},"end":{"line":8,"column":52}},"5":{"start":{"line":9,"column":4},"end":{"line":9,"column":26}},"6":{"start":{"line":13,"column":24},"end":{"line":14,"column":44}},"7":{"start":{"line":14,"column":18},"end":{"line":14,"column":43}},"8":{"start":{"line":15,"column":4},"end":{"line":15,"column":26}},"9":{"start":{"line":19,"column":19},"end":{"line":19,"column":29}},"10":{"start":{"line":21,"column":24},"end":{"line":22,"column":44}},"11":{"start":{"line":22,"column":18},"end":{"line":22,"column":43}},"12":{"start":{"line":23,"column":4},"end":{"line":23,"column":26}},"13":{"start":{"line":27,"column":17},"end":{"line":27,"column":27}},"14":{"start":{"line":29,"column":4},"end":{"line":30,"column":45}},"15":{"start":{"line":30,"column":18},"end":{"line":30,"column":43}},"16":{"start":{"line":31,"column":4},"end":{"line":31,"column":44}},"17":{"start":{"line":35,"column":19},"end":{"line":35,"column":29}},"18":{"start":{"line":37,"column":24},"end":{"line":38,"column":44}},"19":{"start":{"line":38,"column":18},"end":{"line":38,"column":43}},"20":{"start":{"line":39,"column":4},"end":{"line":39,"column":26}},"21":{"start":{"line":43,"column":19},"end":{"line":43,"column":29}},"22":{"start":{"line":44,"column":36},"end":{"line":44,"column":44}},"23":{"start":{"line":45,"column":18},"end":{"line":45,"column":29}},"24":{"start":{"line":47,"column":4},"end":{"line":48,"column":45}},"25":{"start":{"line":48,"column":18},"end":{"line":48,"column":43}},"26":{"start":{"line":49,"column":4},"end":{"line":49,"column":50}},"27":{"start":{"line":63,"column":0},"end":{"line":71,"column":1}}},"fnMap":{"0":{"name":"create","decl":{"start":{"line":3,"column":15},"end":{"line":3,"column":21}},"loc":{"start":{"line":3,"column":32},"end":{"line":10,"column":1}},"line":3},"1":{"name":"(anonymous_1)","decl":{"start":{"line":7,"column":11},"end":{"line":7,"column":12}},"loc":{"start":{"line":7,"column":18},"end":{"line":7,"column":43}},"line":7},"2":{"name":"index","decl":{"start":{"line":12,"column":15},"end":{"line":12,"column":20}},"loc":{"start":{"line":12,"column":31},"end":{"line":16,"column":1}},"line":12},"3":{"name":"(anonymous_3)","decl":{"start":{"line":14,"column":11},"end":{"line":14,"column":12}},"loc":{"start":{"line":14,"column":18},"end":{"line":14,"column":43}},"line":14},"4":{"name":"show","decl":{"start":{"line":18,"column":15},"end":{"line":18,"column":19}},"loc":{"start":{"line":18,"column":30},"end":{"line":24,"column":1}},"line":18},"5":{"name":"(anonymous_5)","decl":{"start":{"line":22,"column":11},"end":{"line":22,"column":12}},"loc":{"start":{"line":22,"column":18},"end":{"line":22,"column":43}},"line":22},"6":{"name":"destroy","decl":{"start":{"line":26,"column":15},"end":{"line":26,"column":22}},"loc":{"start":{"line":26,"column":33},"end":{"line":32,"column":1}},"line":26},"7":{"name":"(anonymous_7)","decl":{"start":{"line":30,"column":11},"end":{"line":30,"column":12}},"loc":{"start":{"line":30,"column":18},"end":{"line":30,"column":43}},"line":30},"8":{"name":"edit","decl":{"start":{"line":34,"column":15},"end":{"line":34,"column":19}},"loc":{"start":{"line":34,"column":30},"end":{"line":40,"column":1}},"line":34},"9":{"name":"(anonymous_9)","decl":{"start":{"line":38,"column":11},"end":{"line":38,"column":12}},"loc":{"start":{"line":38,"column":18},"end":{"line":38,"column":43}},"line":38},"10":{"name":"update","decl":{"start":{"line":42,"column":15},"end":{"line":42,"column":21}},"loc":{"start":{"line":42,"column":32},"end":{"line":50,"column":1}},"line":42},"11":{"name":"(anonymous_11)","decl":{"start":{"line":48,"column":11},"end":{"line":48,"column":12}},"loc":{"start":{"line":48,"column":18},"end":{"line":48,"column":43}},"line":48}},"branchMap":{},"s":{"0":1,"1":1,"2":1,"3":0,"4":1,"5":1,"6":0,"7":0,"8":0,"9":0,"10":0,"11":0,"12":0,"13":0,"14":0,"15":0,"16":0,"17":0,"18":0,"19":0,"20":0,"21":0,"22":0,"23":0,"24":0,"25":0,"26":0,"27":1},"f":{"0":1,"1":0,"2":0,"3":0,"4":0,"5":0,"6":0,"7":0,"8":0,"9":0,"10":0,"11":0},"b":{},"_coverageSchema":"332fd63041d2c1bcb487cc26dd0d5f7d97098a6c","hash":"c4c0a81751d8a2c94f991058dd2cb98dd55598d5"}
,"/Users/nathanielmorales/Desktop/mernstack_project/doggystyle/database/models/advert_model.js": {"path":"/Users/nathanielmorales/Desktop/mernstack_project/doggystyle/database/models/advert_model.js","statementMap":{"0":{"start":{"line":1,"column":17},"end":{"line":1,"column":36}},"1":{"start":{"line":2,"column":21},"end":{"line":2,"column":58}},"2":{"start":{"line":4,"column":20},"end":{"line":4,"column":58}},"3":{"start":{"line":6,"column":0},"end":{"line":6,"column":29}}},"fnMap":{},"branchMap":{},"s":{"0":1,"1":1,"2":1,"3":1},"f":{},"b":{},"_coverageSchema":"332fd63041d2c1bcb487cc26dd0d5f7d97098a6c","hash":"a175a0a85a10ee5ef8878bdc1a6d818a1442e256"}
,"/Users/nathanielmorales/Desktop/mernstack_project/doggystyle/database/models/blog_model.js": {"path":"/Users/nathanielmorales/Desktop/mernstack_project/doggystyle/database/models/blog_model.js","statementMap":{"0":{"start":{"line":1,"column":17},"end":{"line":1,"column":36}},"1":{"start":{"line":2,"column":19},"end":{"line":2,"column":54}},"2":{"start":{"line":4,"column":18},"end":{"line":4,"column":52}},"3":{"start":{"line":6,"column":0},"end":{"line":6,"column":27}}},"fnMap":{},"branchMap":{},"s":{"0":1,"1":1,"2":1,"3":1},"f":{},"b":{},"_coverageSchema":"332fd63041d2c1bcb487cc26dd0d5f7d97098a6c","hash":"06226e2be0c6a7f0c213f745f94f72932e22db4f"}
,"/Users/nathanielmorales/Desktop/mernstack_project/doggystyle/database/models/booking_model.js": {"path":"/Users/nathanielmorales/Desktop/mernstack_project/doggystyle/database/models/booking_model.js","statementMap":{"0":{"start":{"line":1,"column":15},"end":{"line":1,"column":32}},"1":{"start":{"line":2,"column":17},"end":{"line":2,"column":36}},"2":{"start":{"line":3,"column":22},"end":{"line":3,"column":60}},"3":{"start":{"line":5,"column":21},"end":{"line":5,"column":61}},"4":{"start":{"line":7,"column":0},"end":{"line":7,"column":30}}},"fnMap":{},"branchMap":{},"s":{"0":1,"1":1,"2":1,"3":1,"4":1},"f":{},"b":{},"_coverageSchema":"332fd63041d2c1bcb487cc26dd0d5f7d97098a6c","hash":"0f628d41fe6f45c316b35ef1b4711db8d150ad9b"}
,"/Users/nathanielmorales/Desktop/mernstack_project/doggystyle/database/models/contact_model.js": {"path":"/Users/nathanielmorales/Desktop/mernstack_project/doggystyle/database/models/contact_model.js","statementMap":{"0":{"start":{"line":1,"column":17},"end":{"line":1,"column":36}},"1":{"start":{"line":2,"column":22},"end":{"line":2,"column":60}},"2":{"start":{"line":4,"column":21},"end":{"line":4,"column":61}},"3":{"start":{"line":6,"column":0},"end":{"line":6,"column":30}}},"fnMap":{},"branchMap":{},"s":{"0":1,"1":1,"2":1,"3":1},"f":{},"b":{},"_coverageSchema":"332fd63041d2c1bcb487cc26dd0d5f7d97098a6c","hash":"8ea3bf32772fae53229a3739c27033cc69447f30"}
,"/Users/nathanielmorales/Desktop/mernstack_project/doggystyle/database/models/testimonial_model.js": {"path":"/Users/nathanielmorales/Desktop/mernstack_project/doggystyle/database/models/testimonial_model.js","statementMap":{"0":{"start":{"line":1,"column":17},"end":{"line":1,"column":36}},"1":{"start":{"line":2,"column":26},"end":{"line":2,"column":68}},"2":{"start":{"line":4,"column":25},"end":{"line":4,"column":73}},"3":{"start":{"line":6,"column":0},"end":{"line":6,"column":34}}},"fnMap":{},"branchMap":{},"s":{"0":1,"1":1,"2":1,"3":1},"f":{},"b":{},"_coverageSchema":"332fd63041d2c1bcb487cc26dd0d5f7d97098a6c","hash":"f6a35a56dd08aa9abdec052f7df8a488c421c855"}
,"/Users/nathanielmorales/Desktop/mernstack_project/doggystyle/database/models/user_model.js": {"path":"/Users/nathanielmorales/Desktop/mernstack_project/doggystyle/database/models/user_model.js","statementMap":{"0":{"start":{"line":1,"column":17},"end":{"line":1,"column":36}},"1":{"start":{"line":2,"column":19},"end":{"line":2,"column":54}},"2":{"start":{"line":4,"column":18},"end":{"line":4,"column":52}},"3":{"start":{"line":6,"column":0},"end":{"line":6,"column":27}}},"fnMap":{},"branchMap":{},"s":{"0":1,"1":1,"2":1,"3":1},"f":{},"b":{},"_coverageSchema":"332fd63041d2c1bcb487cc26dd0d5f7d97098a6c","hash":"24cff2090c7536ba762f2cae1551271df0215673"}
,"/Users/nathanielmorales/Desktop/mernstack_project/doggystyle/database/schemas/advert_schema.js": {"path":"/Users/nathanielmorales/Desktop/mernstack_project/doggystyle/database/schemas/advert_schema.js","statementMap":{"0":{"start":{"line":1,"column":19},"end":{"line":1,"column":38}},"1":{"start":{"line":3,"column":21},"end":{"line":20,"column":2}},"2":{"start":{"line":22,"column":0},"end":{"line":22,"column":30}}},"fnMap":{},"branchMap":{},"s":{"0":1,"1":1,"2":1},"f":{},"b":{},"_coverageSchema":"332fd63041d2c1bcb487cc26dd0d5f7d97098a6c","hash":"6e5f32ce8a5cc103743ba0e6f272165379703950"}
,"/Users/nathanielmorales/Desktop/mernstack_project/doggystyle/database/schemas/blog_schema.js": {"path":"/Users/nathanielmorales/Desktop/mernstack_project/doggystyle/database/schemas/blog_schema.js","statementMap":{"0":{"start":{"line":1,"column":19},"end":{"line":1,"column":38}},"1":{"start":{"line":3,"column":19},"end":{"line":23,"column":2}},"2":{"start":{"line":20,"column":20},"end":{"line":20,"column":35}},"3":{"start":{"line":25,"column":0},"end":{"line":25,"column":28}}},"fnMap":{"0":{"name":"(anonymous_0)","decl":{"start":{"line":20,"column":13},"end":{"line":20,"column":14}},"loc":{"start":{"line":20,"column":20},"end":{"line":20,"column":35}},"line":20}},"branchMap":{},"s":{"0":1,"1":1,"2":1,"3":1},"f":{"0":1},"b":{},"_coverageSchema":"332fd63041d2c1bcb487cc26dd0d5f7d97098a6c","hash":"b9438a5acf82f1acb94ee592b19b84caffa03240"}
,"/Users/nathanielmorales/Desktop/mernstack_project/doggystyle/database/schemas/booking_schema.js": {"path":"/Users/nathanielmorales/Desktop/mernstack_project/doggystyle/database/schemas/booking_schema.js","statementMap":{"0":{"start":{"line":1,"column":19},"end":{"line":1,"column":38}},"1":{"start":{"line":3,"column":22},"end":{"line":43,"column":2}},"2":{"start":{"line":12,"column":20},"end":{"line":12,"column":48}},"3":{"start":{"line":40,"column":20},"end":{"line":40,"column":34}},"4":{"start":{"line":45,"column":0},"end":{"line":45,"column":31}}},"fnMap":{"0":{"name":"(anonymous_0)","decl":{"start":{"line":12,"column":13},"end":{"line":12,"column":14}},"loc":{"start":{"line":12,"column":20},"end":{"line":12,"column":48}},"line":12},"1":{"name":"(anonymous_1)","decl":{"start":{"line":40,"column":13},"end":{"line":40,"column":14}},"loc":{"start":{"line":40,"column":20},"end":{"line":40,"column":34}},"line":40}},"branchMap":{},"s":{"0":1,"1":1,"2":1,"3":0,"4":1},"f":{"0":1,"1":0},"b":{},"_coverageSchema":"332fd63041d2c1bcb487cc26dd0d5f7d97098a6c","hash":"d82b6c4835b57cb3a8a896562b6386780820c543"}
,"/Users/nathanielmorales/Desktop/mernstack_project/doggystyle/database/schemas/contact_schema.js": {"path":"/Users/nathanielmorales/Desktop/mernstack_project/doggystyle/database/schemas/contact_schema.js","statementMap":{"0":{"start":{"line":1,"column":19},"end":{"line":1,"column":38}},"1":{"start":{"line":3,"column":22},"end":{"line":40,"column":2}},"2":{"start":{"line":42,"column":0},"end":{"line":42,"column":31}}},"fnMap":{},"branchMap":{},"s":{"0":1,"1":1,"2":1},"f":{},"b":{},"_coverageSchema":"332fd63041d2c1bcb487cc26dd0d5f7d97098a6c","hash":"325b36a5f821b590d95c8c07794043ccef8a2d17"}
,"/Users/nathanielmorales/Desktop/mernstack_project/doggystyle/database/schemas/testimonial_schema.js": {"path":"/Users/nathanielmorales/Desktop/mernstack_project/doggystyle/database/schemas/testimonial_schema.js","statementMap":{"0":{"start":{"line":1,"column":19},"end":{"line":1,"column":38}},"1":{"start":{"line":3,"column":26},"end":{"line":28,"column":2}},"2":{"start":{"line":30,"column":0},"end":{"line":30,"column":35}}},"fnMap":{},"branchMap":{},"s":{"0":1,"1":1,"2":1},"f":{},"b":{},"_coverageSchema":"332fd63041d2c1bcb487cc26dd0d5f7d97098a6c","hash":"ad01366688aba63e205ea4ad8da8ae118cf1ec7e"}
,"/Users/nathanielmorales/Desktop/mernstack_project/doggystyle/database/schemas/user_schema.js": {"path":"/Users/nathanielmorales/Desktop/mernstack_project/doggystyle/database/schemas/user_schema.js","statementMap":{"0":{"start":{"line":1,"column":19},"end":{"line":1,"column":38}},"1":{"start":{"line":3,"column":19},"end":{"line":18,"column":2}},"2":{"start":{"line":20,"column":0},"end":{"line":20,"column":46}},"3":{"start":{"line":22,"column":0},"end":{"line":22,"column":28}}},"fnMap":{},"branchMap":{},"s":{"0":1,"1":1,"2":1,"3":1},"f":{},"b":{},"_coverageSchema":"332fd63041d2c1bcb487cc26dd0d5f7d97098a6c","hash":"d50157db6bc150bc3f8eda6dc0f0655434920e07"}
,"/Users/nathanielmorales/Desktop/mernstack_project/doggystyle/middleware/auth_middleware.js": {"path":"/Users/nathanielmorales/Desktop/mernstack_project/doggystyle/middleware/auth_middleware.js","statementMap":{"0":{"start":{"line":1,"column":12},"end":{"line":1,"column":35}},"1":{"start":{"line":3,"column":0},"end":{"line":23,"column":2}},"2":{"start":{"line":4,"column":16},"end":{"line":4,"column":43}},"3":{"start":{"line":6,"column":4},"end":{"line":8,"column":5}},"4":{"start":{"line":7,"column":8},"end":{"line":7,"column":78}},"5":{"start":{"line":10,"column":4},"end":{"line":13,"column":5}},"6":{"start":{"line":12,"column":8},"end":{"line":12,"column":56}},"7":{"start":{"line":15,"column":4},"end":{"line":22,"column":5}},"8":{"start":{"line":16,"column":24},"end":{"line":16,"column":65}},"9":{"start":{"line":18,"column":8},"end":{"line":18,"column":32}},"10":{"start":{"line":19,"column":8},"end":{"line":19,"column":15}},"11":{"start":{"line":21,"column":8},"end":{"line":21,"column":59}}},"fnMap":{"0":{"name":"(anonymous_0)","decl":{"start":{"line":3,"column":17},"end":{"line":3,"column":18}},"loc":{"start":{"line":3,"column":42},"end":{"line":23,"column":1}},"line":3}},"branchMap":{"0":{"loc":{"start":{"line":6,"column":4},"end":{"line":8,"column":5}},"type":"if","locations":[{"start":{"line":6,"column":4},"end":{"line":8,"column":5}},{"start":{"line":6,"column":4},"end":{"line":8,"column":5}}],"line":6},"1":{"loc":{"start":{"line":10,"column":4},"end":{"line":13,"column":5}},"type":"if","locations":[{"start":{"line":10,"column":4},"end":{"line":13,"column":5}},{"start":{"line":10,"column":4},"end":{"line":13,"column":5}}],"line":10}},"s":{"0":1,"1":1,"2":0,"3":0,"4":0,"5":0,"6":0,"7":0,"8":0,"9":0,"10":0,"11":0},"f":{"0":0},"b":{"0":[0,0],"1":[0,0]},"_coverageSchema":"332fd63041d2c1bcb487cc26dd0d5f7d97098a6c","hash":"25b666ed90cb8fab408d7c2daa144253f058ff17"}
,"/Users/nathanielmorales/Desktop/mernstack_project/doggystyle/middleware/error_handler_middleware.js": {"path":"/Users/nathanielmorales/Desktop/mernstack_project/doggystyle/middleware/error_handler_middleware.js","statementMap":{"0":{"start":{"line":1,"column":0},"end":{"line":7,"column":1}},"1":{"start":{"line":2,"column":4},"end":{"line":4,"column":5}},"2":{"start":{"line":3,"column":8},"end":{"line":3,"column":60}},"3":{"start":{"line":6,"column":4},"end":{"line":6,"column":21}}},"fnMap":{"0":{"name":"(anonymous_0)","decl":{"start":{"line":1,"column":17},"end":{"line":1,"column":18}},"loc":{"start":{"line":1,"column":47},"end":{"line":7,"column":1}},"line":1}},"branchMap":{"0":{"loc":{"start":{"line":2,"column":4},"end":{"line":4,"column":5}},"type":"if","locations":[{"start":{"line":2,"column":4},"end":{"line":4,"column":5}},{"start":{"line":2,"column":4},"end":{"line":4,"column":5}}],"line":2},"1":{"loc":{"start":{"line":2,"column":8},"end":{"line":2,"column":39}},"type":"binary-expr","locations":[{"start":{"line":2,"column":8},"end":{"line":2,"column":11}},{"start":{"line":2,"column":15},"end":{"line":2,"column":39}}],"line":2}},"s":{"0":1,"1":27,"2":0,"3":27},"f":{"0":27},"b":{"0":[0,27],"1":[27,27]},"_coverageSchema":"332fd63041d2c1bcb487cc26dd0d5f7d97098a6c","hash":"c9ae3198a9b1ed1d018039eafaf1f81e6ee41df2"}
,"/Users/nathanielmorales/Desktop/mernstack_project/doggystyle/routes/advert_routes.js": {"path":"/Users/nathanielmorales/Desktop/mernstack_project/doggystyle/routes/advert_routes.js","statementMap":{"0":{"start":{"line":1,"column":16},"end":{"line":1,"column":34}},"1":{"start":{"line":2,"column":15},"end":{"line":2,"column":31}},"2":{"start":{"line":3,"column":27},"end":{"line":3,"column":47}},"3":{"start":{"line":4,"column":13},"end":{"line":4,"column":53}},"4":{"start":{"line":5,"column":25},"end":{"line":5,"column":70}},"5":{"start":{"line":7,"column":0},"end":{"line":7,"column":40}},"6":{"start":{"line":8,"column":0},"end":{"line":20,"column":2}},"7":{"start":{"line":22,"column":0},"end":{"line":22,"column":42}},"8":{"start":{"line":23,"column":0},"end":{"line":23,"column":47}},"9":{"start":{"line":24,"column":0},"end":{"line":24,"column":44}},"10":{"start":{"line":26,"column":0},"end":{"line":26,"column":46}},"11":{"start":{"line":28,"column":0},"end":{"line":28,"column":48}},"12":{"start":{"line":30,"column":0},"end":{"line":30,"column":24}}},"fnMap":{},"branchMap":{},"s":{"0":1,"1":1,"2":1,"3":1,"4":1,"5":1,"6":1,"7":1,"8":1,"9":1,"10":1,"11":1,"12":1},"f":{},"b":{},"_coverageSchema":"332fd63041d2c1bcb487cc26dd0d5f7d97098a6c","hash":"3b5629503d60fcce5ae07d5a94b38b79843fcce2"}
,"/Users/nathanielmorales/Desktop/mernstack_project/doggystyle/routes/auth_routes.js": {"path":"/Users/nathanielmorales/Desktop/mernstack_project/doggystyle/routes/auth_routes.js","statementMap":{"0":{"start":{"line":1,"column":16},"end":{"line":1,"column":34}},"1":{"start":{"line":2,"column":15},"end":{"line":2,"column":31}},"2":{"start":{"line":3,"column":27},"end":{"line":3,"column":47}},"3":{"start":{"line":4,"column":13},"end":{"line":4,"column":53}},"4":{"start":{"line":5,"column":33},"end":{"line":5,"column":86}},"5":{"start":{"line":7,"column":0},"end":{"line":14,"column":36}},"6":{"start":{"line":16,"column":0},"end":{"line":16,"column":24}}},"fnMap":{},"branchMap":{},"s":{"0":1,"1":1,"2":1,"3":1,"4":1,"5":1,"6":1},"f":{},"b":{},"_coverageSchema":"332fd63041d2c1bcb487cc26dd0d5f7d97098a6c","hash":"63b13ffe016449e7e0b236c191440ace1490cc1a"}
,"/Users/nathanielmorales/Desktop/mernstack_project/doggystyle/routes/blog_routes.js": {"path":"/Users/nathanielmorales/Desktop/mernstack_project/doggystyle/routes/blog_routes.js","statementMap":{"0":{"start":{"line":1,"column":15},"end":{"line":1,"column":32}},"1":{"start":{"line":2,"column":16},"end":{"line":2,"column":34}},"2":{"start":{"line":3,"column":15},"end":{"line":3,"column":31}},"3":{"start":{"line":4,"column":27},"end":{"line":4,"column":47}},"4":{"start":{"line":5,"column":13},"end":{"line":5,"column":53}},"5":{"start":{"line":6,"column":23},"end":{"line":6,"column":66}},"6":{"start":{"line":8,"column":0},"end":{"line":8,"column":38}},"7":{"start":{"line":10,"column":0},"end":{"line":20,"column":2}},"8":{"start":{"line":22,"column":0},"end":{"line":22,"column":40}},"9":{"start":{"line":24,"column":0},"end":{"line":24,"column":45}},"10":{"start":{"line":26,"column":0},"end":{"line":35,"column":2}},"11":{"start":{"line":37,"column":0},"end":{"line":46,"column":2}},"12":{"start":{"line":48,"column":0},"end":{"line":48,"column":46}},"13":{"start":{"line":50,"column":0},"end":{"line":50,"column":24}}},"fnMap":{},"branchMap":{},"s":{"0":1,"1":1,"2":1,"3":1,"4":1,"5":1,"6":1,"7":1,"8":1,"9":1,"10":1,"11":1,"12":1,"13":1},"f":{},"b":{},"_coverageSchema":"332fd63041d2c1bcb487cc26dd0d5f7d97098a6c","hash":"2840fc8cba739b2120159a5216ef88463756d905"}
,"/Users/nathanielmorales/Desktop/mernstack_project/doggystyle/routes/booking_routes.js": {"path":"/Users/nathanielmorales/Desktop/mernstack_project/doggystyle/routes/booking_routes.js","statementMap":{"0":{"start":{"line":1,"column":16},"end":{"line":1,"column":34}},"1":{"start":{"line":2,"column":15},"end":{"line":2,"column":31}},"2":{"start":{"line":3,"column":27},"end":{"line":3,"column":47}},"3":{"start":{"line":4,"column":13},"end":{"line":4,"column":53}},"4":{"start":{"line":5,"column":26},"end":{"line":5,"column":72}},"5":{"start":{"line":7,"column":0},"end":{"line":7,"column":47}},"6":{"start":{"line":8,"column":0},"end":{"line":8,"column":57}},"7":{"start":{"line":10,"column":0},"end":{"line":24,"column":2}},"8":{"start":{"line":26,"column":0},"end":{"line":26,"column":49}},"9":{"start":{"line":28,"column":0},"end":{"line":28,"column":54}},"10":{"start":{"line":30,"column":0},"end":{"line":30,"column":60}},"11":{"start":{"line":32,"column":0},"end":{"line":32,"column":62}},"12":{"start":{"line":34,"column":0},"end":{"line":48,"column":2}},"13":{"start":{"line":50,"column":0},"end":{"line":64,"column":2}},"14":{"start":{"line":66,"column":0},"end":{"line":66,"column":55}},"15":{"start":{"line":68,"column":0},"end":{"line":68,"column":24}}},"fnMap":{},"branchMap":{},"s":{"0":1,"1":1,"2":1,"3":1,"4":1,"5":1,"6":1,"7":1,"8":1,"9":1,"10":1,"11":1,"12":1,"13":1,"14":1,"15":1},"f":{},"b":{},"_coverageSchema":"332fd63041d2c1bcb487cc26dd0d5f7d97098a6c","hash":"b42c4b4b43f9e3cf6847b90052b3fefeef10524c"}
,"/Users/nathanielmorales/Desktop/mernstack_project/doggystyle/routes/contact_routes.js": {"path":"/Users/nathanielmorales/Desktop/mernstack_project/doggystyle/routes/contact_routes.js","statementMap":{"0":{"start":{"line":1,"column":16},"end":{"line":1,"column":34}},"1":{"start":{"line":2,"column":15},"end":{"line":2,"column":31}},"2":{"start":{"line":3,"column":27},"end":{"line":3,"column":47}},"3":{"start":{"line":4,"column":26},"end":{"line":4,"column":72}},"4":{"start":{"line":6,"column":0},"end":{"line":6,"column":41}},"5":{"start":{"line":8,"column":0},"end":{"line":25,"column":4}},"6":{"start":{"line":27,"column":0},"end":{"line":27,"column":48}},"7":{"start":{"line":29,"column":0},"end":{"line":29,"column":43}},"8":{"start":{"line":31,"column":0},"end":{"line":48,"column":4}},"9":{"start":{"line":50,"column":0},"end":{"line":67,"column":4}},"10":{"start":{"line":69,"column":0},"end":{"line":69,"column":49}},"11":{"start":{"line":71,"column":0},"end":{"line":71,"column":24}}},"fnMap":{},"branchMap":{},"s":{"0":1,"1":1,"2":1,"3":1,"4":1,"5":1,"6":1,"7":1,"8":1,"9":1,"10":1,"11":1},"f":{},"b":{},"_coverageSchema":"332fd63041d2c1bcb487cc26dd0d5f7d97098a6c","hash":"1c1c7c4cde8f3b8e3ddb2b388d495caa460bacad"}
,"/Users/nathanielmorales/Desktop/mernstack_project/doggystyle/routes/index.js": {"path":"/Users/nathanielmorales/Desktop/mernstack_project/doggystyle/routes/index.js","statementMap":{"0":{"start":{"line":1,"column":16},"end":{"line":1,"column":34}},"1":{"start":{"line":2,"column":15},"end":{"line":2,"column":31}},"2":{"start":{"line":3,"column":22},"end":{"line":3,"column":49}},"3":{"start":{"line":4,"column":22},"end":{"line":4,"column":49}},"4":{"start":{"line":5,"column":19},"end":{"line":5,"column":43}},"5":{"start":{"line":6,"column":26},"end":{"line":6,"column":57}},"6":{"start":{"line":7,"column":19},"end":{"line":7,"column":43}},"7":{"start":{"line":8,"column":22},"end":{"line":8,"column":48}},"8":{"start":{"line":10,"column":0},"end":{"line":10,"column":51}},"9":{"start":{"line":10,"column":30},"end":{"line":10,"column":49}},"10":{"start":{"line":11,"column":0},"end":{"line":11,"column":39}},"11":{"start":{"line":12,"column":0},"end":{"line":12,"column":32}},"12":{"start":{"line":13,"column":0},"end":{"line":13,"column":40}},"13":{"start":{"line":14,"column":0},"end":{"line":14,"column":47}},"14":{"start":{"line":15,"column":0},"end":{"line":15,"column":33}},"15":{"start":{"line":16,"column":0},"end":{"line":16,"column":35}},"16":{"start":{"line":18,"column":0},"end":{"line":18,"column":24}}},"fnMap":{"0":{"name":"(anonymous_0)","decl":{"start":{"line":10,"column":16},"end":{"line":10,"column":17}},"loc":{"start":{"line":10,"column":30},"end":{"line":10,"column":49}},"line":10}},"branchMap":{},"s":{"0":1,"1":1,"2":1,"3":1,"4":1,"5":1,"6":1,"7":1,"8":1,"9":0,"10":1,"11":1,"12":1,"13":1,"14":1,"15":1,"16":1},"f":{"0":0},"b":{},"_coverageSchema":"332fd63041d2c1bcb487cc26dd0d5f7d97098a6c","hash":"ce9f328732f0b8eacf1ca2356ea1f9038708124a"}
,"/Users/nathanielmorales/Desktop/mernstack_project/doggystyle/routes/testimonial_routes.js": {"path":"/Users/nathanielmorales/Desktop/mernstack_project/doggystyle/routes/testimonial_routes.js","statementMap":{"0":{"start":{"line":1,"column":16},"end":{"line":1,"column":34}},"1":{"start":{"line":2,"column":15},"end":{"line":2,"column":31}},"2":{"start":{"line":3,"column":27},"end":{"line":3,"column":47}},"3":{"start":{"line":4,"column":13},"end":{"line":4,"column":53}},"4":{"start":{"line":5,"column":30},"end":{"line":5,"column":80}},"5":{"start":{"line":7,"column":0},"end":{"line":7,"column":45}},"6":{"start":{"line":9,"column":0},"end":{"line":19,"column":2}},"7":{"start":{"line":25,"column":0},"end":{"line":25,"column":47}},"8":{"start":{"line":27,"column":0},"end":{"line":27,"column":52}},"9":{"start":{"line":29,"column":0},"end":{"line":39,"column":2}},"10":{"start":{"line":41,"column":0},"end":{"line":51,"column":2}},"11":{"start":{"line":53,"column":0},"end":{"line":53,"column":53}},"12":{"start":{"line":55,"column":0},"end":{"line":55,"column":24}}},"fnMap":{},"branchMap":{},"s":{"0":1,"1":1,"2":1,"3":1,"4":1,"5":1,"6":1,"7":1,"8":1,"9":1,"10":1,"11":1,"12":1},"f":{},"b":{},"_coverageSchema":"332fd63041d2c1bcb487cc26dd0d5f7d97098a6c","hash":"6da8eea7a5951da2b14f57acaf6efacb9efd6b1b"}
}
