TN:
SF:/Users/nathanielmorales/Desktop/mernstack_project/doggystyle/app.js
FNF:0
FNH:0
DA:1,1
DA:2,1
DA:3,1
DA:4,1
DA:6,1
DA:7,1
DA:9,1
DA:11,1
DA:13,1
DA:15,1
DA:17,1
DA:19,1
LF:12
LH:12
BRF:0
BRH:0
end_of_record
TN:
SF:/Users/nathanielmorales/Desktop/mernstack_project/doggystyle/controllers/authentication_controller.js
FN:5,login
FN:10,loginCreate
FN:29,(anonymous_2)
FNF:3
FNH:0
FNDA:0,login
FNDA:0,loginCreate
FNDA:0,(anonymous_2)
DA:1,1
DA:2,1
DA:3,1
DA:7,0
DA:11,0
DA:12,0
DA:13,0
DA:15,0
DA:16,0
DA:25,0
DA:30,0
DA:31,0
DA:53,1
LF:13
LH:4
BRDA:15,0,0,0
BRDA:15,0,1,0
BRDA:30,1,0,0
BRDA:30,1,1,0
BRF:4
BRH:0
end_of_record
TN:
SF:/Users/nathanielmorales/Desktop/mernstack_project/doggystyle/controllers/booking_controller.js
FN:14,getConfirmed
FN:17,(anonymous_1)
FN:29,confirm
FN:41,index
FN:47,create
FN:69,(anonymous_5)
FN:111,(anonymous_6)
FN:123,show
FN:129,destroy
FN:136,edit
FN:142,update
FNF:11
FNH:0
FNDA:0,getConfirmed
FNDA:0,(anonymous_1)
FNDA:0,confirm
FNDA:0,index
FNDA:0,create
FNDA:0,(anonymous_5)
FNDA:0,(anonymous_6)
FNDA:0,show
FNDA:0,destroy
FNDA:0,edit
FNDA:0,update
DA:1,1
DA:2,1
DA:3,1
DA:4,1
DA:5,1
DA:15,0
DA:17,0
DA:18,0
DA:19,0
DA:21,0
DA:23,0
DA:26,0
DA:30,0
DA:31,0
DA:32,0
DA:38,0
DA:42,0
DA:43,0
DA:48,0
DA:58,0
DA:60,0
DA:69,0
DA:73,0
DA:86,0
DA:102,0
DA:103,0
DA:104,0
DA:111,0
DA:112,0
DA:114,0
DA:115,0
DA:118,0
DA:120,0
DA:124,0
DA:125,0
DA:126,0
DA:130,0
DA:131,0
DA:132,0
DA:133,0
DA:137,0
DA:138,0
DA:139,0
DA:143,0
DA:144,0
DA:146,0
DA:155,0
DA:157,0
DA:158,0
DA:170,0
DA:173,1
LF:51
LH:6
BRDA:18,0,0,0
BRDA:18,0,1,0
BRDA:103,1,0,0
BRDA:103,1,1,0
BRF:4
BRH:0
end_of_record
TN:
SF:/Users/nathanielmorales/Desktop/mernstack_project/doggystyle/controllers/contact_controller.js
FN:13,index
FN:18,create
FN:29,(anonymous_2)
FN:34,(anonymous_3)
FN:59,show
FN:66,destroy
FN:72,update
FN:78,edit
FNF:8
FNH:2
FNDA:0,index
FNDA:1,create
FNDA:1,(anonymous_2)
FNDA:0,(anonymous_3)
FNDA:0,show
FNDA:0,destroy
FNDA:0,update
FNDA:0,edit
DA:1,1
DA:2,1
DA:3,1
DA:4,1
DA:14,0
DA:15,0
DA:19,1
DA:21,1
DA:30,1
DA:34,0
DA:37,1
DA:45,0
DA:53,0
DA:55,0
DA:56,0
DA:60,0
DA:61,0
DA:62,0
DA:63,0
DA:67,0
DA:68,0
DA:69,0
DA:73,0
DA:74,0
DA:75,0
DA:79,0
DA:80,0
DA:81,0
DA:92,0
DA:95,1
LF:30
LH:9
BRF:0
BRH:0
end_of_record
TN:
SF:/Users/nathanielmorales/Desktop/mernstack_project/doggystyle/database/models/booking_model.js
FNF:0
FNH:0
DA:1,1
DA:2,1
DA:4,1
DA:6,1
LF:4
LH:4
BRF:0
BRH:0
end_of_record
TN:
SF:/Users/nathanielmorales/Desktop/mernstack_project/doggystyle/database/models/contact_model.js
FNF:0
FNH:0
DA:1,1
DA:2,1
DA:4,1
DA:6,1
LF:4
LH:4
BRF:0
BRH:0
end_of_record
TN:
SF:/Users/nathanielmorales/Desktop/mernstack_project/doggystyle/database/models/customer_model.js
FNF:0
FNH:0
DA:1,1
DA:2,1
DA:4,1
DA:6,1
LF:4
LH:4
BRF:0
BRH:0
end_of_record
TN:
SF:/Users/nathanielmorales/Desktop/mernstack_project/doggystyle/database/models/user_model.js
FNF:0
FNH:0
DA:1,1
DA:2,1
DA:4,1
DA:6,1
LF:4
LH:4
BRF:0
BRH:0
end_of_record
TN:
SF:/Users/nathanielmorales/Desktop/mernstack_project/doggystyle/database/schemas/booking_schema.js
FN:40,(anonymous_0)
FNF:1
FNH:0
FNDA:0,(anonymous_0)
DA:1,1
DA:3,1
DA:40,0
DA:45,1
LF:4
LH:3
BRF:0
BRH:0
end_of_record
TN:
SF:/Users/nathanielmorales/Desktop/mernstack_project/doggystyle/database/schemas/contact_schema.js
FNF:0
FNH:0
DA:1,1
DA:3,1
DA:38,1
LF:3
LH:3
BRF:0
BRH:0
end_of_record
TN:
SF:/Users/nathanielmorales/Desktop/mernstack_project/doggystyle/database/schemas/customer_schema.js
FNF:0
FNH:0
DA:1,1
DA:3,1
DA:33,1
LF:3
LH:3
BRF:0
BRH:0
end_of_record
TN:
SF:/Users/nathanielmorales/Desktop/mernstack_project/doggystyle/database/schemas/user_schema.js
FNF:0
FNH:0
DA:1,1
DA:3,1
DA:18,1
LF:3
LH:3
BRF:0
BRH:0
end_of_record
TN:
SF:/Users/nathanielmorales/Desktop/mernstack_project/doggystyle/middleware/auth_middleware.js
FN:3,(anonymous_0)
FNF:1
FNH:0
FNDA:0,(anonymous_0)
DA:1,1
DA:3,1
DA:4,0
DA:5,0
DA:6,0
DA:7,0
DA:10,0
DA:12,0
DA:15,0
DA:16,0
DA:18,0
DA:19,0
DA:21,0
LF:13
LH:2
BRDA:6,0,0,0
BRDA:6,0,1,0
BRDA:10,1,0,0
BRDA:10,1,1,0
BRF:4
BRH:0
end_of_record
TN:
SF:/Users/nathanielmorales/Desktop/mernstack_project/doggystyle/middleware/error_handler_middleware.js
FN:1,(anonymous_0)
FNF:1
FNH:1
FNDA:18,(anonymous_0)
DA:1,1
DA:2,18
DA:3,0
DA:6,18
LF:4
LH:3
BRDA:2,0,0,0
BRDA:2,0,1,18
BRDA:2,1,0,18
BRDA:2,1,1,18
BRF:4
BRH:3
end_of_record
TN:
SF:/Users/nathanielmorales/Desktop/mernstack_project/doggystyle/routes/auth_routes.js
FNF:0
FNH:0
DA:1,1
DA:2,1
DA:3,1
DA:4,1
DA:5,1
DA:7,1
DA:17,1
LF:7
LH:7
BRF:0
BRH:0
end_of_record
TN:
SF:/Users/nathanielmorales/Desktop/mernstack_project/doggystyle/routes/booking_routes.js
FNF:0
FNH:0
DA:1,1
DA:2,1
DA:4,1
DA:5,1
DA:7,1
DA:8,1
DA:9,1
DA:10,1
DA:11,1
DA:12,1
DA:13,1
DA:14,1
DA:15,1
DA:16,1
DA:18,1
LF:15
LH:15
BRF:0
BRH:0
end_of_record
TN:
SF:/Users/nathanielmorales/Desktop/mernstack_project/doggystyle/routes/contact_routes.js
FNF:0
FNH:0
DA:1,1
DA:2,1
DA:4,1
DA:6,1
DA:7,1
DA:16,1
LF:6
LH:6
BRF:0
BRH:0
end_of_record
TN:
SF:/Users/nathanielmorales/Desktop/mernstack_project/doggystyle/routes/customer_routes.js
FNF:0
FNH:0
LF:0
LH:0
BRF:0
BRH:0
end_of_record
TN:
SF:/Users/nathanielmorales/Desktop/mernstack_project/doggystyle/routes/index.js
FN:11,(anonymous_0)
FNF:1
FNH:0
FNDA:0,(anonymous_0)
DA:1,1
DA:2,1
DA:3,1
DA:4,1
DA:5,1
DA:6,1
DA:7,1
DA:8,1
DA:9,1
DA:11,1
DA:13,1
DA:29,1
DA:31,1
DA:50,1
DA:51,1
DA:53,1
LF:16
LH:16
BRF:0
BRH:0
end_of_record
